#! /usr/bin/vvp
:ivl_version "12.0 (stable)";
:ivl_delay_selection "TYPICAL";
:vpi_time_precision - 12;
:vpi_module "/usr/lib/aarch64-linux-gnu/ivl/system.vpi";
:vpi_module "/usr/lib/aarch64-linux-gnu/ivl/vhdl_sys.vpi";
:vpi_module "/usr/lib/aarch64-linux-gnu/ivl/vhdl_textio.vpi";
:vpi_module "/usr/lib/aarch64-linux-gnu/ivl/v2005_math.vpi";
:vpi_module "/usr/lib/aarch64-linux-gnu/ivl/va_math.vpi";
:vpi_module "/usr/lib/aarch64-linux-gnu/ivl/v2009.vpi";
S_0xaaaad231c5d0 .scope package, "$unit" "$unit" 2 1;
 .timescale 0 0;
S_0xaaaad231c760 .scope module, "wave_seven_segment" "wave_seven_segment" 3 2;
 .timescale -9 -12;
v0xaaaad2331640_0 .var "blank", 0 0;
v0xaaaad2331710_0 .var "digit", 3 0;
v0xaaaad23317e0_0 .net "segments", 6 0, L_0xaaaad23318e0;  1 drivers
S_0xaaaad22df670 .scope module, "dut" "seven_segment" 3 7, 4 2 0, S_0xaaaad231c760;
 .timescale -9 -12;
    .port_info 0 /INPUT 4 "digit";
    .port_info 1 /INPUT 1 "blank";
    .port_info 2 /OUTPUT 7 "segments";
P_0xaaaad22df850 .param/l "ACTIVE_LOW" 0 4 2, +C4<00000000000000000000000000000001>;
L_0xaaaad23318e0 .functor NOT 7, v0xaaaad23314e0_0, C4<0000000>, C4<0000000>, C4<0000000>;
v0xaaaad22df940_0 .net "blank", 0 0, v0xaaaad2331640_0;  1 drivers
v0xaaaad2331310_0 .net "digit", 3 0, v0xaaaad2331710_0;  1 drivers
v0xaaaad23313f0_0 .net "segments", 6 0, L_0xaaaad23318e0;  alias, 1 drivers
v0xaaaad23314e0_0 .var "segments_active_high", 6 0;
E_0xaaaad23182e0 .event anyedge, v0xaaaad22df940_0, v0xaaaad2331310_0;
    .scope S_0xaaaad22df670;
T_0 ;
Ewait_0 .event/or E_0xaaaad23182e0, E_0x0;
    %wait Ewait_0;
    %load/vec4 v0xaaaad22df940_0;
    %flag_set/vec4 8;
    %jmp/0xz  T_0.0, 8;
    %pushi/vec4 0, 0, 7;
    %store/vec4 v0xaaaad23314e0_0, 0, 7;
    %jmp T_0.1;
T_0.0 ;
    %load/vec4 v0xaaaad2331310_0;
    %dup/vec4;
    %pushi/vec4 0, 0, 4;
    %cmp/u;
    %jmp/1 T_0.2, 6;
    %dup/vec4;
    %pushi/vec4 1, 0, 4;
    %cmp/u;
    %jmp/1 T_0.3, 6;
    %dup/vec4;
    %pushi/vec4 2, 0, 4;
    %cmp/u;
    %jmp/1 T_0.4, 6;
    %dup/vec4;
    %pushi/vec4 3, 0, 4;
    %cmp/u;
    %jmp/1 T_0.5, 6;
    %dup/vec4;
    %pushi/vec4 4, 0, 4;
    %cmp/u;
    %jmp/1 T_0.6, 6;
    %dup/vec4;
    %pushi/vec4 5, 0, 4;
    %cmp/u;
    %jmp/1 T_0.7, 6;
    %dup/vec4;
    %pushi/vec4 6, 0, 4;
    %cmp/u;
    %jmp/1 T_0.8, 6;
    %dup/vec4;
    %pushi/vec4 7, 0, 4;
    %cmp/u;
    %jmp/1 T_0.9, 6;
    %dup/vec4;
    %pushi/vec4 8, 0, 4;
    %cmp/u;
    %jmp/1 T_0.10, 6;
    %dup/vec4;
    %pushi/vec4 9, 0, 4;
    %cmp/u;
    %jmp/1 T_0.11, 6;
    %dup/vec4;
    %pushi/vec4 10, 0, 4;
    %cmp/u;
    %jmp/1 T_0.12, 6;
    %dup/vec4;
    %pushi/vec4 11, 0, 4;
    %cmp/u;
    %jmp/1 T_0.13, 6;
    %dup/vec4;
    %pushi/vec4 12, 0, 4;
    %cmp/u;
    %jmp/1 T_0.14, 6;
    %dup/vec4;
    %pushi/vec4 13, 0, 4;
    %cmp/u;
    %jmp/1 T_0.15, 6;
    %dup/vec4;
    %pushi/vec4 14, 0, 4;
    %cmp/u;
    %jmp/1 T_0.16, 6;
    %dup/vec4;
    %pushi/vec4 15, 0, 4;
    %cmp/u;
    %jmp/1 T_0.17, 6;
    %vpi_call/w 4 12 "$warning", "value is unhandled for priority or unique case statement" {0 0 0};
    %jmp T_0.18;
T_0.2 ;
    %pushi/vec4 63, 0, 7;
    %store/vec4 v0xaaaad23314e0_0, 0, 7;
    %jmp T_0.18;
T_0.3 ;
    %pushi/vec4 6, 0, 7;
    %store/vec4 v0xaaaad23314e0_0, 0, 7;
    %jmp T_0.18;
T_0.4 ;
    %pushi/vec4 91, 0, 7;
    %store/vec4 v0xaaaad23314e0_0, 0, 7;
    %jmp T_0.18;
T_0.5 ;
    %pushi/vec4 79, 0, 7;
    %store/vec4 v0xaaaad23314e0_0, 0, 7;
    %jmp T_0.18;
T_0.6 ;
    %pushi/vec4 102, 0, 7;
    %store/vec4 v0xaaaad23314e0_0, 0, 7;
    %jmp T_0.18;
T_0.7 ;
    %pushi/vec4 109, 0, 7;
    %store/vec4 v0xaaaad23314e0_0, 0, 7;
    %jmp T_0.18;
T_0.8 ;
    %pushi/vec4 125, 0, 7;
    %store/vec4 v0xaaaad23314e0_0, 0, 7;
    %jmp T_0.18;
T_0.9 ;
    %pushi/vec4 7, 0, 7;
    %store/vec4 v0xaaaad23314e0_0, 0, 7;
    %jmp T_0.18;
T_0.10 ;
    %pushi/vec4 127, 0, 7;
    %store/vec4 v0xaaaad23314e0_0, 0, 7;
    %jmp T_0.18;
T_0.11 ;
    %pushi/vec4 111, 0, 7;
    %store/vec4 v0xaaaad23314e0_0, 0, 7;
    %jmp T_0.18;
T_0.12 ;
    %pushi/vec4 119, 0, 7;
    %store/vec4 v0xaaaad23314e0_0, 0, 7;
    %jmp T_0.18;
T_0.13 ;
    %pushi/vec4 124, 0, 7;
    %store/vec4 v0xaaaad23314e0_0, 0, 7;
    %jmp T_0.18;
T_0.14 ;
    %pushi/vec4 57, 0, 7;
    %store/vec4 v0xaaaad23314e0_0, 0, 7;
    %jmp T_0.18;
T_0.15 ;
    %pushi/vec4 94, 0, 7;
    %store/vec4 v0xaaaad23314e0_0, 0, 7;
    %jmp T_0.18;
T_0.16 ;
    %pushi/vec4 121, 0, 7;
    %store/vec4 v0xaaaad23314e0_0, 0, 7;
    %jmp T_0.18;
T_0.17 ;
    %pushi/vec4 113, 0, 7;
    %store/vec4 v0xaaaad23314e0_0, 0, 7;
    %jmp T_0.18;
T_0.18 ;
    %pop/vec4 1;
T_0.1 ;
    %jmp T_0;
    .thread T_0, $push;
    .scope S_0xaaaad231c760;
T_1 ;
    %pushi/vec4 0, 0, 4;
    %store/vec4 v0xaaaad2331710_0, 0, 4;
    %pushi/vec4 0, 0, 1;
    %store/vec4 v0xaaaad2331640_0, 0, 1;
    %end;
    .thread T_1, $init;
    .scope S_0xaaaad231c760;
T_2 ;
    %vpi_call/w 3 14 "$dumpfile", "wave_seven_segment.vcd" {0 0 0};
    %vpi_call/w 3 15 "$dumpvars", 32'sb00000000000000000000000000000000, S_0xaaaad231c760 {0 0 0};
    %pushi/vec4 1, 0, 4;
    %store/vec4 v0xaaaad2331710_0, 0, 4;
    %pushi/vec4 0, 0, 1;
    %store/vec4 v0xaaaad2331640_0, 0, 1;
    %delay 20000, 0;
    %pushi/vec4 1, 0, 1;
    %store/vec4 v0xaaaad2331640_0, 0, 1;
    %delay 20000, 0;
    %pushi/vec4 5, 0, 4;
    %store/vec4 v0xaaaad2331710_0, 0, 4;
    %pushi/vec4 0, 0, 1;
    %store/vec4 v0xaaaad2331640_0, 0, 1;
    %delay 20000, 0;
    %pushi/vec4 1, 0, 1;
    %store/vec4 v0xaaaad2331640_0, 0, 1;
    %delay 20000, 0;
    %pushi/vec4 8, 0, 4;
    %store/vec4 v0xaaaad2331710_0, 0, 4;
    %pushi/vec4 0, 0, 1;
    %store/vec4 v0xaaaad2331640_0, 0, 1;
    %delay 20000, 0;
    %pushi/vec4 1, 0, 1;
    %store/vec4 v0xaaaad2331640_0, 0, 1;
    %delay 20000, 0;
    %vpi_call/w 3 41 "$finish" {0 0 0};
    %end;
    .thread T_2;
# The file index is used to find the file name in the following table.
:file_names 5;
    "N/A";
    "<interactive>";
    "-";
    "tb/wave_seven_segment.v";
    "rtl/seven_segment.sv";
